<?xml version="1.0" encoding="UTF-8"?>
<testng-results skipped="0" failed="0" total="2" passed="2">
  <reporter-output>
  </reporter-output>
  <suite name="Grid" duration-ms="54891" started-at="2021-10-07T08:48:13Z" finished-at="2021-10-07T08:49:08Z">
    <groups>
    </groups>
    <test name="chrome" duration-ms="42049" started-at="2021-10-07T08:48:13Z" finished-at="2021-10-07T08:48:55Z">
      <class name="grid.GridEg2">
        <test-method status="PASS" signature="grod_test(java.lang.String, java.lang.String)[pri:0, instance:grid.GridEg2@7cf10a6f]" name="grod_test" duration-ms="41990" started-at="2021-10-07T14:18:13Z" finished-at="2021-10-07T14:18:55Z">
          <params>
            <param index="0">
              <value>
                <![CDATA[Chrome]]>
              </value>
            </param>
            <param index="1">
              <value>
                <![CDATA[windows]]>
              </value>
            </param>
          </params>
          <reporter-output>
          </reporter-output>
        </test-method> <!-- grod_test -->
      </class> <!-- grid.GridEg2 -->
    </test> <!-- chrome -->
    <test name="firefox" duration-ms="54891" started-at="2021-10-07T08:48:13Z" finished-at="2021-10-07T08:49:08Z">
      <class name="grid.GridEg2">
        <test-method status="PASS" signature="grod_test(java.lang.String, java.lang.String)[pri:0, instance:grid.GridEg2@34033bd0]" name="grod_test" duration-ms="54838" started-at="2021-10-07T14:18:13Z" finished-at="2021-10-07T14:19:08Z">
          <params>
            <param index="0">
              <value>
                <![CDATA[firefox]]>
              </value>
            </param>
            <param index="1">
              <value>
                <![CDATA[windows]]>
              </value>
            </param>
          </params>
          <reporter-output>
          </reporter-output>
        </test-method> <!-- grod_test -->
      </class> <!-- grid.GridEg2 -->
    </test> <!-- firefox -->
  </suite> <!-- Grid -->
</testng-results>
